<?xml version="1.0" encoding="UTF-8"?>
<testng-results ignored="0" total="1" passed="1" failed="0" skipped="0">
  <reporter-output>
  </reporter-output>
  <suite started-at="2024-07-25T10:58:06 IST" name="GoAutoBanking" finished-at="2024-07-25T10:58:27 IST" duration-ms="21064">
    <groups>
    </groups>
    <test started-at="2024-07-25T10:58:06 IST" name="BankingApp Test" finished-at="2024-07-25T10:58:27 IST" duration-ms="21064">
      <class name="com.GoAutoBanking.Testcases.TC_loginTest_001">
        <test-method is-config="true" signature="setup(java.lang.String)[pri:0, instance:com.GoAutoBanking.Testcases.TC_loginTest_001@4f80542f]" started-at="2024-07-25T10:58:06 IST" name="setup" finished-at="2024-07-25T10:58:25 IST" duration-ms="18436" status="PASS">
          <params>
            <param index="0">
              <value>
                <![CDATA[chrome]]>
              </value>
            </param>
          </params>
          <reporter-output>
          </reporter-output>
        </test-method> <!-- setup -->
        <test-method signature="LoginCheck()[pri:0, instance:com.GoAutoBanking.Testcases.TC_loginTest_001@4f80542f]" started-at="2024-07-25T10:58:25 IST" name="LoginCheck" finished-at="2024-07-25T10:58:27 IST" duration-ms="2372" status="PASS">
          <reporter-output>
          </reporter-output>
        </test-method> <!-- LoginCheck -->
        <test-method is-config="true" signature="teardown()[pri:0, instance:com.GoAutoBanking.Testcases.TC_loginTest_001@4f80542f]" started-at="2024-07-25T10:58:27 IST" name="teardown" finished-at="2024-07-25T10:58:27 IST" duration-ms="215" status="PASS">
          <reporter-output>
          </reporter-output>
        </test-method> <!-- teardown -->
      </class> <!-- com.GoAutoBanking.Testcases.TC_loginTest_001 -->
    </test> <!-- BankingApp Test -->
  </suite> <!-- GoAutoBanking -->
</testng-results>
